18-Mar-2025 23:33:13.344 INFO [main] org.apache.catalina.startup.VersionLoggerListener.log Server version name:   Apache Tomcat/11.0.3
18-Mar-2025 23:33:13.350 INFO [main] org.apache.catalina.startup.VersionLoggerListener.log Server built:          Feb 4 2025 17:40:20 UTC
18-Mar-2025 23:33:13.350 INFO [main] org.apache.catalina.startup.VersionLoggerListener.log Server version number: 11.0.3.0
18-Mar-2025 23:33:13.351 INFO [main] org.apache.catalina.startup.VersionLoggerListener.log OS Name:               Windows 11
18-Mar-2025 23:33:13.351 INFO [main] org.apache.catalina.startup.VersionLoggerListener.log OS Version:            10.0
18-Mar-2025 23:33:13.351 INFO [main] org.apache.catalina.startup.VersionLoggerListener.log Architecture:          amd64
18-Mar-2025 23:33:13.351 INFO [main] org.apache.catalina.startup.VersionLoggerListener.log Java Home:             C:\Program Files\Java\jdk-21
18-Mar-2025 23:33:13.351 INFO [main] org.apache.catalina.startup.VersionLoggerListener.log JVM Version:           21.0.5+9-LTS-239
18-Mar-2025 23:33:13.351 INFO [main] org.apache.catalina.startup.VersionLoggerListener.log JVM Vendor:            Oracle Corporation
18-Mar-2025 23:33:13.352 INFO [main] org.apache.catalina.startup.VersionLoggerListener.log CATALINA_BASE:         C:\Users\pc\Desktop\briefs\ConstructionXpert
18-Mar-2025 23:33:13.352 INFO [main] org.apache.catalina.startup.VersionLoggerListener.log CATALINA_HOME:         C:\Users\pc\Downloads\apache-tomcat-11.0.3-windows-x64\apache-tomcat-11.0.3
18-Mar-2025 23:33:13.364 INFO [main] org.apache.catalina.startup.VersionLoggerListener.log Command line argument: --add-opens=java.base/java.lang=ALL-UNNAMED
18-Mar-2025 23:33:13.364 INFO [main] org.apache.catalina.startup.VersionLoggerListener.log Command line argument: --add-opens=java.base/java.io=ALL-UNNAMED
18-Mar-2025 23:33:13.365 INFO [main] org.apache.catalina.startup.VersionLoggerListener.log Command line argument: --add-opens=java.base/java.util=ALL-UNNAMED
18-Mar-2025 23:33:13.365 INFO [main] org.apache.catalina.startup.VersionLoggerListener.log Command line argument: --add-opens=java.base/java.util.concurrent=ALL-UNNAMED
18-Mar-2025 23:33:13.365 INFO [main] org.apache.catalina.startup.VersionLoggerListener.log Command line argument: --add-opens=java.rmi/sun.rmi.transport=ALL-UNNAMED
18-Mar-2025 23:33:13.365 INFO [main] org.apache.catalina.startup.VersionLoggerListener.log Command line argument: -Dcatalina.home=C:\Users\pc\Downloads\apache-tomcat-11.0.3-windows-x64\apache-tomcat-11.0.3
18-Mar-2025 23:33:13.365 INFO [main] org.apache.catalina.startup.VersionLoggerListener.log Command line argument: -Dcatalina.base=C:\Users\pc\Desktop\briefs\ConstructionXpert
18-Mar-2025 23:33:13.365 INFO [main] org.apache.catalina.startup.VersionLoggerListener.log Command line argument: -Djava.io.tmpdir=C:\Users\pc\Desktop\briefs\ConstructionXpert\temp
18-Mar-2025 23:33:13.365 INFO [main] org.apache.catalina.startup.VersionLoggerListener.log Command line argument: -Djava.util.logging.config.file=C:\Users\pc\Desktop\briefs\ConstructionXpert\conf\logging.properties
18-Mar-2025 23:33:13.366 INFO [main] org.apache.catalina.startup.VersionLoggerListener.log Command line argument: -Djava.util.logging.manager=org.apache.juli.ClassLoaderLogManager
18-Mar-2025 23:33:13.366 INFO [main] org.apache.catalina.startup.VersionLoggerListener.log Command line argument: -javaagent:C:\Program Files\JetBrains\IntelliJ IDEA 2024.1.4\lib\idea_rt.jar=59986:C:\Program Files\JetBrains\IntelliJ IDEA 2024.1.4\bin
18-Mar-2025 23:33:13.366 INFO [main] org.apache.catalina.startup.VersionLoggerListener.log Command line argument: -Dfile.encoding=UTF-8
18-Mar-2025 23:33:13.366 INFO [main] org.apache.catalina.startup.VersionLoggerListener.log Command line argument: -Dsun.stdout.encoding=UTF-8
18-Mar-2025 23:33:13.366 INFO [main] org.apache.catalina.startup.VersionLoggerListener.log Command line argument: -Dsun.stderr.encoding=UTF-8
18-Mar-2025 23:33:13.374 INFO [main] org.apache.catalina.core.AprLifecycleListener.lifecycleEvent Loaded Apache Tomcat Native library [2.0.8] using APR version [1.7.4].
18-Mar-2025 23:33:13.395 INFO [main] org.apache.catalina.core.AprLifecycleListener.initializeSSL OpenSSL successfully initialized [OpenSSL 3.0.14 4 Jun 2024]
18-Mar-2025 23:33:13.817 INFO [main] org.apache.coyote.AbstractProtocol.init Initializing ProtocolHandler ["http-nio-8080"]
18-Mar-2025 23:33:13.841 INFO [main] org.apache.catalina.startup.Catalina.load Server initialization in [779] milliseconds
18-Mar-2025 23:33:13.914 INFO [main] org.apache.catalina.core.StandardService.startInternal Starting service [Catalina]
18-Mar-2025 23:33:13.915 INFO [main] org.apache.catalina.core.StandardEngine.startInternal Starting Servlet engine: [Apache Tomcat/11.0.3]
18-Mar-2025 23:33:13.934 INFO [main] org.apache.catalina.startup.HostConfig.deployDescriptor Deploying deployment descriptor [C:\Users\pc\Desktop\briefs\ConstructionXpert\conf\Catalina\localhost\ROOT.xml]
18-Mar-2025 23:33:16.633 INFO [main] org.apache.jasper.servlet.TldScanner.scanJars At least one JAR was scanned for TLDs yet contained no TLDs. Enable debug logging for this logger for a complete list of JARs that were scanned but no TLDs were found in them. Skipping unneeded JARs during scanning can improve startup time and JSP compilation time.
18-Mar-2025 23:33:16.740 INFO [main] org.apache.catalina.startup.HostConfig.deployDescriptor Deployment of deployment descriptor [C:\Users\pc\Desktop\briefs\ConstructionXpert\conf\Catalina\localhost\ROOT.xml] has finished in [2,806] ms
18-Mar-2025 23:33:16.745 INFO [main] org.apache.coyote.AbstractProtocol.start Starting ProtocolHandler ["http-nio-8080"]
18-Mar-2025 23:33:16.776 INFO [main] org.apache.catalina.startup.Catalina.start Server startup in [2933] milliseconds
18-Mar-2025 23:35:11.597 INFO [Thread-1] org.apache.coyote.AbstractProtocol.pause Pausing ProtocolHandler ["http-nio-8080"]
18-Mar-2025 23:35:11.616 INFO [Thread-1] org.apache.catalina.core.StandardService.stopInternal Stopping service [Catalina]
18-Mar-2025 23:35:11.641 INFO [Thread-1] org.apache.coyote.AbstractProtocol.stop Stopping ProtocolHandler ["http-nio-8080"]
18-Mar-2025 23:35:11.650 INFO [Thread-1] org.apache.coyote.AbstractProtocol.destroy Destroying ProtocolHandler ["http-nio-8080"]
18-Mar-2025 23:35:16.518 INFO [main] org.apache.catalina.startup.VersionLoggerListener.log Server version name:   Apache Tomcat/11.0.3
18-Mar-2025 23:35:16.522 INFO [main] org.apache.catalina.startup.VersionLoggerListener.log Server built:          Feb 4 2025 17:40:20 UTC
18-Mar-2025 23:35:16.523 INFO [main] org.apache.catalina.startup.VersionLoggerListener.log Server version number: 11.0.3.0
18-Mar-2025 23:35:16.523 INFO [main] org.apache.catalina.startup.VersionLoggerListener.log OS Name:               Windows 11
18-Mar-2025 23:35:16.523 INFO [main] org.apache.catalina.startup.VersionLoggerListener.log OS Version:            10.0
18-Mar-2025 23:35:16.523 INFO [main] org.apache.catalina.startup.VersionLoggerListener.log Architecture:          amd64
18-Mar-2025 23:35:16.523 INFO [main] org.apache.catalina.startup.VersionLoggerListener.log Java Home:             C:\Program Files\Java\jdk-21
18-Mar-2025 23:35:16.523 INFO [main] org.apache.catalina.startup.VersionLoggerListener.log JVM Version:           21.0.5+9-LTS-239
18-Mar-2025 23:35:16.524 INFO [main] org.apache.catalina.startup.VersionLoggerListener.log JVM Vendor:            Oracle Corporation
18-Mar-2025 23:35:16.524 INFO [main] org.apache.catalina.startup.VersionLoggerListener.log CATALINA_BASE:         C:\Users\pc\Desktop\briefs\ConstructionXpert
18-Mar-2025 23:35:16.524 INFO [main] org.apache.catalina.startup.VersionLoggerListener.log CATALINA_HOME:         C:\Users\pc\Downloads\apache-tomcat-11.0.3-windows-x64\apache-tomcat-11.0.3
18-Mar-2025 23:35:16.534 INFO [main] org.apache.catalina.startup.VersionLoggerListener.log Command line argument: --add-opens=java.base/java.lang=ALL-UNNAMED
18-Mar-2025 23:35:16.535 INFO [main] org.apache.catalina.startup.VersionLoggerListener.log Command line argument: --add-opens=java.base/java.io=ALL-UNNAMED
18-Mar-2025 23:35:16.535 INFO [main] org.apache.catalina.startup.VersionLoggerListener.log Command line argument: --add-opens=java.base/java.util=ALL-UNNAMED
18-Mar-2025 23:35:16.535 INFO [main] org.apache.catalina.startup.VersionLoggerListener.log Command line argument: --add-opens=java.base/java.util.concurrent=ALL-UNNAMED
18-Mar-2025 23:35:16.535 INFO [main] org.apache.catalina.startup.VersionLoggerListener.log Command line argument: --add-opens=java.rmi/sun.rmi.transport=ALL-UNNAMED
18-Mar-2025 23:35:16.535 INFO [main] org.apache.catalina.startup.VersionLoggerListener.log Command line argument: -Dcatalina.home=C:\Users\pc\Downloads\apache-tomcat-11.0.3-windows-x64\apache-tomcat-11.0.3
18-Mar-2025 23:35:16.535 INFO [main] org.apache.catalina.startup.VersionLoggerListener.log Command line argument: -Dcatalina.base=C:\Users\pc\Desktop\briefs\ConstructionXpert
18-Mar-2025 23:35:16.535 INFO [main] org.apache.catalina.startup.VersionLoggerListener.log Command line argument: -Djava.io.tmpdir=C:\Users\pc\Desktop\briefs\ConstructionXpert\temp
18-Mar-2025 23:35:16.535 INFO [main] org.apache.catalina.startup.VersionLoggerListener.log Command line argument: -Djava.util.logging.config.file=C:\Users\pc\Desktop\briefs\ConstructionXpert\conf\logging.properties
18-Mar-2025 23:35:16.536 INFO [main] org.apache.catalina.startup.VersionLoggerListener.log Command line argument: -Djava.util.logging.manager=org.apache.juli.ClassLoaderLogManager
18-Mar-2025 23:35:16.536 INFO [main] org.apache.catalina.startup.VersionLoggerListener.log Command line argument: -javaagent:C:\Program Files\JetBrains\IntelliJ IDEA 2024.1.4\lib\idea_rt.jar=60044:C:\Program Files\JetBrains\IntelliJ IDEA 2024.1.4\bin
18-Mar-2025 23:35:16.536 INFO [main] org.apache.catalina.startup.VersionLoggerListener.log Command line argument: -Dfile.encoding=UTF-8
18-Mar-2025 23:35:16.536 INFO [main] org.apache.catalina.startup.VersionLoggerListener.log Command line argument: -Dsun.stdout.encoding=UTF-8
18-Mar-2025 23:35:16.536 INFO [main] org.apache.catalina.startup.VersionLoggerListener.log Command line argument: -Dsun.stderr.encoding=UTF-8
18-Mar-2025 23:35:16.541 INFO [main] org.apache.catalina.core.AprLifecycleListener.lifecycleEvent Loaded Apache Tomcat Native library [2.0.8] using APR version [1.7.4].
18-Mar-2025 23:35:16.549 INFO [main] org.apache.catalina.core.AprLifecycleListener.initializeSSL OpenSSL successfully initialized [OpenSSL 3.0.14 4 Jun 2024]
18-Mar-2025 23:35:16.949 INFO [main] org.apache.coyote.AbstractProtocol.init Initializing ProtocolHandler ["http-nio-8080"]
18-Mar-2025 23:35:16.972 INFO [main] org.apache.catalina.startup.Catalina.load Server initialization in [677] milliseconds
18-Mar-2025 23:35:17.037 INFO [main] org.apache.catalina.core.StandardService.startInternal Starting service [Catalina]
18-Mar-2025 23:35:17.037 INFO [main] org.apache.catalina.core.StandardEngine.startInternal Starting Servlet engine: [Apache Tomcat/11.0.3]
18-Mar-2025 23:35:17.052 INFO [main] org.apache.catalina.startup.HostConfig.deployDescriptor Deploying deployment descriptor [C:\Users\pc\Desktop\briefs\ConstructionXpert\conf\Catalina\localhost\ROOT.xml]
18-Mar-2025 23:35:19.779 INFO [main] org.apache.jasper.servlet.TldScanner.scanJars At least one JAR was scanned for TLDs yet contained no TLDs. Enable debug logging for this logger for a complete list of JARs that were scanned but no TLDs were found in them. Skipping unneeded JARs during scanning can improve startup time and JSP compilation time.
18-Mar-2025 23:35:19.878 INFO [main] org.apache.catalina.startup.HostConfig.deployDescriptor Deployment of deployment descriptor [C:\Users\pc\Desktop\briefs\ConstructionXpert\conf\Catalina\localhost\ROOT.xml] has finished in [2,826] ms
18-Mar-2025 23:35:19.882 INFO [main] org.apache.coyote.AbstractProtocol.start Starting ProtocolHandler ["http-nio-8080"]
18-Mar-2025 23:35:19.912 INFO [main] org.apache.catalina.startup.Catalina.start Server startup in [2937] milliseconds
18-Mar-2025 23:36:37.880 INFO [Thread-1] org.apache.coyote.AbstractProtocol.pause Pausing ProtocolHandler ["http-nio-8080"]
18-Mar-2025 23:36:37.896 INFO [Thread-1] org.apache.catalina.core.StandardService.stopInternal Stopping service [Catalina]
18-Mar-2025 23:36:37.904 INFO [Thread-1] org.apache.coyote.AbstractProtocol.stop Stopping ProtocolHandler ["http-nio-8080"]
18-Mar-2025 23:36:37.907 INFO [Thread-1] org.apache.coyote.AbstractProtocol.destroy Destroying ProtocolHandler ["http-nio-8080"]
